64 [18720] INFO perfrun.launcher <> - Launcher main begin
71 [18720] INFO perfrun.launcher <> - MessageCatalogInit finished
71 [18720] INFO perfrun.launcher <> - Launcher instance created
71 [18720] INFO perfrun.launcher <> - argc = 7; cmdline = C:\Program Files (x86)\Intel\oneAPI\vtune\latest\bin64\amplxe-runss.exe --ui-output-format xml --ui-output-fd 1028 --option-file D:\Gam3a\Arch\CPU-Performance-Analyzer\windows\intel\compiled\c\binary\r000ue\config\runsa.options 
87 [18720] INFO perfrun.launcher <> - New signal handler callback was added
145 [18720] INFO perfrun.perfcollector <> - SEP tool path: C:\Program Files (x86)\Intel\oneAPI\vtune\latest\bin64\sep.exe
163 [18720] INFO perfrun.launcher <> - create msngr2::ICliToolContext
163 [18720] INFO perfrun.launcher <> - create file finder object
163 [18720] INFO perfrun.launcher <> - create a result directory: pattern = D:\Gam3a\Arch\CPU-Performance-Analyzer\windows\intel\compiled\c\binary\r000ue pid = 4294967295
165 [18720] INFO perfrun.launcher <> - create data directory = D:\Gam3a\Arch\CPU-Performance-Analyzer\windows\intel\compiled\c\binary\r000ue\data.0
165 [18720] INFO perfrun.launcher <> - Creating the master collection flag
173 [18720] INFO perfrun.launcher <> - Done creating the master collection flag
173 [2364] INFO perfrun.launcher <> - plugin [remoteplug] was disabled because it doesn't support the given collection type.
173 [2364] INFO perfrun.sdk <> - Allocating TMU :D:\Gam3a\Arch\CPU-Performance-Analyzer\windows\intel\compiled\c\binary\r000ue\data.0\systemcollector-8920-Legion5.sc
173 [2364] INFO perfrun.launcher <> - plugin [] was disabled because it doesn't support the given collection type.
180 [2364] INFO perfrun.launcher <> - plugin [] was disabled because it doesn't support the given collection type.
180 [2364] INFO perfrun.launcher <> - plugin [gpu] was disabled because it doesn't support the given collection type.
180 [2364] INFO perfrun.launcher <> - plugin [etw.kernel] was disabled because it doesn't support the given collection type.
180 [2364] INFO perfrun.launcher <> - plugin [etw.dx] was disabled because it doesn't support the given collection type.
180 [2364] INFO perfrun.launcher <> - plugin [etw.wsa] was disabled because it doesn't support the given collection type.
180 [2364] INFO perfrun.mrte <> - system-wide mode is 0
180 [2364] INFO perfrun.mrte <> - Getting  mrte profiling environment ...
219 [2364] INFO perfrun.mrte <> - INTEL_MRTE_DATA_DIR=D:\Gam3a\Arch\CPU-Performance-Analyzer\windows\intel\compiled\c\binary\r000ue\data.0
219 [2364] INFO perfrun.mrte <> - INTEL_MRTE_HOST_NAME=Legion5
219 [2364] INFO perfrun.mrte <> - JAVA_TOOL_OPTIONS=-agentlib:amplxe_samplingmrte_javaprof_1.0
219 [2364] INFO perfrun.mrte <> - PATH=C:\Program Files (x86)\Intel\oneAPI\vtune\latest\bin32\runtime;C:\Program Files (x86)\Intel\oneAPI\vtune\latest\bin64\runtime;C:\Program Files\Common Files\Oracle\Java\javapath;C:\Program Files\Java\jdk-24\bin;C:\WINDOWS\system32;C:\WINDOWS;C:\WINDOWS\System32\Wbem;C:\WINDOWS\System32\WindowsPowerShell\v1.0\;C:\WINDOWS\System32\OpenSSH\;C:\Program Files\NVIDIA Corporation\NVIDIA NvDLISR;C:\Program Files (x86)\NVIDIA Corporation\PhysX\Common;C:\Program Files\Git\cmd;D:\pro_lang_files\nodejs\;C:\Program Files\Cloudflare\Cloudflare WARP\;D:\pro lang files\maven\apache-maven-3.9.9\bin;D:\pro_lang_files\doxygen\bin;D:\pro_lang_files\MiKTeX\miktex\bin;D:\pro_lang_files\maven\apache-maven-3.9.9\bin;D:\pro_lang_files\Strawberry\c\bin;D:\pro_lang_files\Strawberry\perl\site\bin;D:\pro_lang_files\Strawberry\perl\bin;D:\pro_lang_files\GO\bin;D:\pro_lang_files\Windows Kits\10\Windows Performance Toolkit\;C:\Program Files (x86)\Intel\oneAPI\vtune\latest\bin64;C:\Users\ahmed\AppData\Local\Programs\Python\Python312\Scripts\;C:\Users\ahmed\AppData\Local\Programs\Python\Python312\;C:\Users\ahmed\AppData\Local\Programs\Python\Launcher\;C:\Users\ahmed\AppData\Local\Microsoft\WindowsApps;C:\Users\ahmed\AppData\Local\Programs\Microsoft VS Code\bin;D:\pro lang files\msys64\ucrt64\bin;C:\Users\ahmed\AppData\Local\Programs\Python\Python312\Scripts;C:\Users\ahmed\AppData\Roaming\npm;C:\Users\ahmed\AppData\Local\Programs\MiKTeX\miktex\bin\x64\;C:\Users\ahmed\go\bin
219 [2364] INFO perfrun.mrte <> - COR_ENABLE_PROFILING=1
219 [2364] INFO perfrun.mrte <> - COR_PROFILER={AA5E4821-E3B1-479c-B7FF-5AD047D22CED}
219 [2364] INFO perfrun.mrte <> - COMPLUS_ProfAPI_ProfilerCompatibilitySetting=EnableV2Profiler
219 [2364] INFO perfrun.mrte <> - CORECLR_ENABLE_PROFILING=1
219 [2364] INFO perfrun.mrte <> - CORECLR_PROFILER={AA5E4821-E3B1-479c-B7FF-5AD047D22CED}
219 [2364] INFO perfrun.mrte <> - CORECLR_PROFILER_PATH=C:\Program Files (x86)\Intel\oneAPI\vtune\latest\bin64/amplxe_samplingmrte_clrprof_1.0.dll
219 [2364] INFO perfrun.mrte <> - INTEL_MRTE_PROFILER_MODE=mixed
219 [2364] INFO perfrun.mrte <> - Data directory: D:\Gam3a\Arch\CPU-Performance-Analyzer\windows\intel\compiled\c\binary\r000ue\data.0
219 [2364] INFO perfrun.mrte <> - Mrte plugin is initialized
219 [2364] INFO perfrun.launcher <> - plugin [emon] was disabled because it doesn't support the given collection type.
220 [2364] INFO perfrun.launcher <> - plugin [cuscol] was disabled because it doesn't support the given collection type.
220 [2364] INFO perfrun.launcher <> - plugin [stdsrc] was disabled because it doesn't support the given collection type.
220 [2364] INFO perfrun.sdk <> - runCmd: "C:\Program Files (x86)\Intel\oneAPI\vtune\latest\bin64\sep.exe" -dry-run -ec CPU_CLK_UNHALTED.THREAD:sa=2300000,CPU_CLK_UNHALTED.REF_TSC:sample:sa=2300000,INST_RETIRED.ANY:sample:sa=2300000,CPU_CLK_UNHALTED.DISTRIBUTED:sa=2300000,CPU_CLK_UNHALTED.THREAD_P,CYCLE_ACTIVITY.STALLS_MEM_ANY,CYCLE_ACTIVITY.STALLS_TOTAL,EXE_ACTIVITY.1_PORTS_UTIL,EXE_ACTIVITY.2_PORTS_UTIL,EXE_ACTIVITY.BOUND_ON_STORES,FRONTEND_RETIRED.LATENCY_GE_4,IDQ_UOPS_NOT_DELIVERED.CORE,INT_MISC.RECOVERY_CYCLES:cmask=1:e=yes,INT_MISC.UOP_DROPPING,TOPDOWN.BACKEND_BOUND_SLOTS,TOPDOWN.SLOTS,UOPS_RETIRED.SLOTS:sa=2000003,BACLEARS.ANY,BR_MISP_RETIRED.ALL_BRANCHES,DSB2MITE_SWITCHES.PENALTY_CYCLES,FRONTEND_RETIRED.ANY_DSB_MISS,FRONTEND_RETIRED.DSB_MISS,FRONTEND_RETIRED.L2_MISS,FRONTEND_RETIRED.LATENCY_GE_16,FRONTEND_RETIRED.LATENCY_GE_2_BUBBLES_GE_1,FRONTEND_RETIRED.STLB_MISS,ICACHE_16B.IFDATA_STALL,ICACHE_64B.IFTAG_STALL,IDQ.DSB_CYCLES_ANY,IDQ.DSB_CYCLES_OK,IDQ.DSB_UOPS,IDQ.MITE_CYCLES_ANY,IDQ.MITE_CYCLES_OK,IDQ.MITE_UOPS:cmask=4,IDQ.MITE_UOPS:cmask=5,IDQ.MS_SWITCHES,IDQ_UOPS_NOT_DELIVERED.CYCLES_0_UOPS_DELIV.CORE,ILD_STALL.LCP,INST_DECODED.DECODERS:cmask=1,INST_DECODED.DECODERS:cmask=2,INT_MISC.CLEAR_RESTEER_CYCLES,LSD.CYCLES_ACTIVE,LSD.CYCLES_OK,LSD.UOPS,MACHINE_CLEARS.COUNT,UOPS_ISSUED.ANY,CYCLE_ACTIVITY.CYCLES_L1D_MISS,CYCLE_ACTIVITY.CYCLES_MEM_ANY,CYCLE_ACTIVITY.STALLS_L1D_MISS,CYCLE_ACTIVITY.STALLS_L2_MISS,CYCLE_ACTIVITY.STALLS_L3_MISS,DTLB_LOAD_MISSES.STLB_HIT:cmask=1,DTLB_LOAD_MISSES.WALK_ACTIVE,DTLB_STORE_MISSES.STLB_HIT:cmask=1,DTLB_STORE_MISSES.WALK_ACTIVE,L1D_PEND_MISS.FB_FULL,L1D_PEND_MISS.FB_FULL_PERIODS,L1D_PEND_MISS.L2_STALL,L1D_PEND_MISS.PENDING,L2_RQSTS.ALL_RFO,L2_RQSTS.RFO_HIT,LD_BLOCKS.NO_SR,LD_BLOCKS.STORE_FORWARD,LD_BLOCKS_PARTIAL.ADDRESS_ALIAS,MEM_INST_RETIRED.ALL_STORES,MEM_INST_RETIRED.LOCK_LOADS,MEM_INST_RETIRED.SPLIT_LOADS,MEM_INST_RETIRED.SPLIT_STORES,MEM_INST_RETIRED.STLB_MISS_LOADS,MEM_INST_RETIRED.STLB_MISS_STORES,MEM_LOAD_L3_HIT_RETIRED.XSNP_FWD,MEM_LOAD_L3_HIT_RETIRED.XSNP_MISS,MEM_LOAD_L3_HIT_RETIRED.XSNP_NO_FWD,MEM_LOAD_RETIRED.FB_HIT,MEM_LOAD_RETIRED.L1_HIT,MEM_LOAD_RETIRED.L1_MISS,MEM_LOAD_RETIRED.L2_HIT,MEM_LOAD_RETIRED.L3_HIT,MEM_LOAD_RETIRED.L3_MISS,OFFCORE_REQUESTS_OUTSTANDING.ALL_DATA_RD:cmask=4,OFFCORE_REQUESTS_OUTSTANDING.CYCLES_WITH_DATA_RD,OFFCORE_REQUESTS_OUTSTANDING.CYCLES_WITH_DEMAND_RFO,ARITH.DIVIDER_ACTIVE,EXE_ACTIVITY.3_PORTS_UTIL:umask=0x80,FP_ARITH_INST_RETIRED.128B_PACKED_DOUBLE:umask=0xfc,FP_ARITH_INST_RETIRED.SCALAR_SINGLE:umask=0x03,IDQ.MITE_UOPS,IDQ.MS_UOPS,MISC_RETIRED.PAUSE_INST,RESOURCE_STALLS.SCOREBOARD,UOPS_DECODED.DEC0,UOPS_DECODED.DEC0:cmask=1,UOPS_DISPATCHED.PORT_0,UOPS_DISPATCHED.PORT_1,UOPS_DISPATCHED.PORT_2_3,UOPS_DISPATCHED.PORT_4_9,UOPS_DISPATCHED.PORT_5,UOPS_DISPATCHED.PORT_6,UOPS_DISPATCHED.PORT_7_8,UOPS_EXECUTED.CYCLES_GE_3,UOPS_EXECUTED.THREAD:sa=2000003,UOPS_EXECUTED.X87:sa=2000003,UOPS_ISSUED.VECTOR_WIDTH_MISMATCH,ASSISTS.ANY,BR_INST_RETIRED.ALL_BRANCHES,FP_ARITH_INST_RETIRED.128B_PACKED_DOUBLE:sa=2000003,FP_ARITH_INST_RETIRED.128B_PACKED_SINGLE:sa=2000003,FP_ARITH_INST_RETIRED.256B_PACKED_DOUBLE:sa=2000003,FP_ARITH_INST_RETIRED.256B_PACKED_SINGLE:sa=2000003,FP_ARITH_INST_RETIRED.512B_PACKED_DOUBLE:sa=2000003,FP_ARITH_INST_RETIRED.512B_PACKED_SINGLE:sa=2000003,INST_RETIRED.NOP,MEM_INST_RETIRED.ANY,OCR.DEMAND_RFO.L3_HIT.SNOOP_HITM,OCR.DEMAND_DATA_RD.L3_HIT.SNOOP_HIT_WITH_FWD,OCR.STREAMING_WR.ANY_RESPONSE,OCR.DEMAND_DATA_RD.L3_HIT.SNOOP_HITM,FP_ARITH_INST_RETIRED.SCALAR_SINGLE:sa=2000003,FP_ARITH_INST_RETIRED.SCALAR_DOUBLE:sa=2000003 -experimental
229 [2364] INFO perfrun.sdk <> - runCmd started PID 17936
544 [2364] INFO perfrun.launcher <> - plugin [vtsspp] was disabled because it doesn't support the given collection type.
544 [2364] INFO perfrun.launcher <> - plugin [perf] was disabled because it doesn't support the given collection type.
544 [2364] INFO perfrun.launcher <> - plugin [aoclprofile] was disabled because it doesn't support the given collection type.
544 [2364] INFO perfrun.tpss <> - initialize tpss controller
544 [2364] INFO perfrun.launcher <> - plugin [tpss] was disabled because it doesn't support the given collection type.
544 [2364] INFO perfrun.launcher <> - plugin [] was disabled because it doesn't support the given collection type.
544 [2364] INFO perfrun.launcher <> - plugin [] was disabled because it doesn't support the given collection type.
544 [2364] INFO perfrun.launcher <> - plugin [] was disabled because it doesn't support the given collection type.
544 [2364] INFO perfrun.launcher <> - plugin [] was disabled because it doesn't support the given collection type.
544 [2364] INFO perfrun.launcher <> - plugin [power] was disabled because it doesn't support the given collection type.
544 [2364] INFO perfrun.launcher <> - plugin [] was disabled because it doesn't support the given collection type.
544 [2364] INFO perfrun.launcher <> - plugin [] was disabled because it doesn't support the given collection type.
544 [2364] INFO perfrun.launcher <> - plugin [] was disabled because it doesn't support the given collection type.
544 [2364] INFO perfrun.launcher <> - plugin [l0_metrics] was disabled because it doesn't support the given collection type.
544 [2364] INFO perfrun.launcher <> - plugin [stall_reasons] was disabled because it doesn't support the given collection type.
544 [18720] INFO perfrun.launcher <> - set environment variable: PATH = C:\Program Files (x86)\Intel\oneAPI\vtune\latest\bin32\runtime;C:\Program Files (x86)\Intel\oneAPI\vtune\latest\bin64\runtime;C:\Program Files\Common Files\Oracle\Java\javapath;C:\Program Files\Java\jdk-24\bin;C:\WINDOWS\system32;C:\WINDOWS;C:\WINDOWS\System32\Wbem;C:\WINDOWS\System32\WindowsPowerShell\v1.0\;C:\WINDOWS\System32\OpenSSH\;C:\Program Files\NVIDIA Corporation\NVIDIA NvDLISR;C:\Program Files (x86)\NVIDIA Corporation\PhysX\Common;C:\Program Files\Git\cmd;D:\pro_lang_files\nodejs\;C:\Program Files\Cloudflare\Cloudflare WARP\;D:\pro lang files\maven\apache-maven-3.9.9\bin;D:\pro_lang_files\doxygen\bin;D:\pro_lang_files\MiKTeX\miktex\bin;D:\pro_lang_files\maven\apache-maven-3.9.9\bin;D:\pro_lang_files\Strawberry\c\bin;D:\pro_lang_files\Strawberry\perl\site\bin;D:\pro_lang_files\Strawberry\perl\bin;D:\pro_lang_files\GO\bin;D:\pro_lang_files\Windows Kits\10\Windows Performance Toolkit\;C:\Program Files (x86)\Intel\oneAPI\vtune\latest\bin64;C:\Users\ahmed\AppData\Local\Programs\Python\Python312\Scripts\;C:\Users\ahmed\AppData\Local\Programs\Python\Python312\;C:\Users\ahmed\AppData\Local\Programs\Python\Launcher\;C:\Users\ahmed\AppData\Local\Microsoft\WindowsApps;C:\Users\ahmed\AppData\Local\Programs\Microsoft VS Code\bin;D:\pro lang files\msys64\ucrt64\bin;C:\Users\ahmed\AppData\Local\Programs\Python\Python312\Scripts;C:\Users\ahmed\AppData\Roaming\npm;C:\Users\ahmed\AppData\Local\Programs\MiKTeX\miktex\bin\x64\;C:\Users\ahmed\go\bin
545 [18720] INFO perfrun.launcher <> - set environment variable: INTEL_LIBITTNOTIFY32 = C:\Program Files (x86)\Intel\oneAPI\vtune\latest\bin32\runtime\ittnotify_collector.dll
545 [18720] INFO perfrun.launcher <> - set environment variable: INTEL_LIBITTNOTIFY64 = C:\Program Files (x86)\Intel\oneAPI\vtune\latest\bin64\runtime\ittnotify_collector.dll
546 [18720] INFO perfrun.launcher <> - set environment variable: INTEL_ITTNOTIFY_GROUPS = 
546 [18720] INFO perfrun.launcher <> - set environment variable: INTEL_JIT_PROFILER32 = C:\Program Files (x86)\Intel\oneAPI\vtune\latest\bin32\runtime\ittnotify_collector.dll
546 [18720] INFO perfrun.launcher <> - set environment variable: INTEL_JIT_PROFILER64 = C:\Program Files (x86)\Intel\oneAPI\vtune\latest\bin64\runtime\ittnotify_collector.dll
546 [18720] INFO perfrun.launcher <> - set environment variable: CCL_ITT_LEVEL = 1
547 [18720] INFO perfrun.launcher <> - set environment variable: ENABLE_JITPROFILING = 1
547 [18720] INFO perfrun.launcher <> - set environment variable: CL_CONFIG_USE_VTUNE = True
547 [18720] INFO perfrun.launcher <> - set environment variable: KMP_FORKJOIN_FRAMES = 0
547 [18720] INFO perfrun.launcher <> - set environment variable: KMP_FORKJOIN_FRAMES_MODE = 0
547 [18720] INFO perfrun.launcher <> - set environment variable: INTEL_MRTE_DATA_DIR = D:\Gam3a\Arch\CPU-Performance-Analyzer\windows\intel\compiled\c\binary\r000ue\data.0
548 [18720] INFO perfrun.launcher <> - set environment variable: INTEL_MRTE_HOST_NAME = Legion5
548 [18720] INFO perfrun.launcher <> - set environment variable: JAVA_TOOL_OPTIONS = -agentlib:amplxe_samplingmrte_javaprof_1.0
548 [18720] INFO perfrun.launcher <> - set environment variable: PATH = C:\Program Files (x86)\Intel\oneAPI\vtune\latest\bin32\runtime;C:\Program Files (x86)\Intel\oneAPI\vtune\latest\bin64\runtime;C:\Program Files\Common Files\Oracle\Java\javapath;C:\Program Files\Java\jdk-24\bin;C:\WINDOWS\system32;C:\WINDOWS;C:\WINDOWS\System32\Wbem;C:\WINDOWS\System32\WindowsPowerShell\v1.0\;C:\WINDOWS\System32\OpenSSH\;C:\Program Files\NVIDIA Corporation\NVIDIA NvDLISR;C:\Program Files (x86)\NVIDIA Corporation\PhysX\Common;C:\Program Files\Git\cmd;D:\pro_lang_files\nodejs\;C:\Program Files\Cloudflare\Cloudflare WARP\;D:\pro lang files\maven\apache-maven-3.9.9\bin;D:\pro_lang_files\doxygen\bin;D:\pro_lang_files\MiKTeX\miktex\bin;D:\pro_lang_files\maven\apache-maven-3.9.9\bin;D:\pro_lang_files\Strawberry\c\bin;D:\pro_lang_files\Strawberry\perl\site\bin;D:\pro_lang_files\Strawberry\perl\bin;D:\pro_lang_files\GO\bin;D:\pro_lang_files\Windows Kits\10\Windows Performance Toolkit\;C:\Program Files (x86)\Intel\oneAPI\vtune\latest\bin64;C:\Users\ahmed\AppData\Local\Programs\Python\Python312\Scripts\;C:\Users\ahmed\AppData\Local\Programs\Python\Python312\;C:\Users\ahmed\AppData\Local\Programs\Python\Launcher\;C:\Users\ahmed\AppData\Local\Microsoft\WindowsApps;C:\Users\ahmed\AppData\Local\Programs\Microsoft VS Code\bin;D:\pro lang files\msys64\ucrt64\bin;C:\Users\ahmed\AppData\Local\Programs\Python\Python312\Scripts;C:\Users\ahmed\AppData\Roaming\npm;C:\Users\ahmed\AppData\Local\Programs\MiKTeX\miktex\bin\x64\;C:\Users\ahmed\go\bin
549 [18720] INFO perfrun.launcher <> - set environment variable: COR_ENABLE_PROFILING = 1
549 [18720] INFO perfrun.launcher <> - set environment variable: COR_PROFILER = {AA5E4821-E3B1-479c-B7FF-5AD047D22CED}
549 [18720] INFO perfrun.launcher <> - set environment variable: COMPLUS_ProfAPI_ProfilerCompatibilitySetting = EnableV2Profiler
549 [18720] INFO perfrun.launcher <> - set environment variable: CORECLR_ENABLE_PROFILING = 1
549 [18720] INFO perfrun.launcher <> - set environment variable: CORECLR_PROFILER = {AA5E4821-E3B1-479c-B7FF-5AD047D22CED}
549 [18720] INFO perfrun.launcher <> - set environment variable: CORECLR_PROFILER_PATH = C:\Program Files (x86)\Intel\oneAPI\vtune\latest\bin64/amplxe_samplingmrte_clrprof_1.0.dll
549 [18720] INFO perfrun.launcher <> - set environment variable: INTEL_MRTE_PROFILER_MODE = mixed
549 [18720] INFO perfrun.launcher <> - RpcServer: run RPC server to handle requests
554 [18720] INFO perfrun.sdk <> - IProcessUtil: the given executable './binary_naive.exe' is valid.
554 [18720] INFO perfrun.launcher <> - Launcher: command line to start before modification = ./binary_naive.exe
554 [18720] INFO perfrun.launcher <> - Launcher: command line to start after modification = ./binary_naive.exe
554 [18720] INFO perfrun.launcher <> - ProcessCreator object was created
557 [18720] INFO perfrun.launcher <> - Launcher: the process was started in suspend mode
603 [2364] INFO perfrun.itt <> - start itt controller for pid #12920
604 [2364] INFO perfrun.sdk <> - runCmd: "C:\Program Files (x86)\Intel\oneAPI\vtune\latest\bin64\sep.exe" -start -experimental -sam 0.1 -uem timer=10 -em factor=5 -p-state trigger=CPU_CLK_UNHALTED.REF_TSC -out D:\Gam3a\Arch\CPU-Performance-Analyzer\windows\intel\compiled\c\binary\r000ue\data.0\sep93c.20250528T195539.254105 -ec INST_RETIRED.ANY:sample:sa=2300000,CPU_CLK_UNHALTED.THREAD:sa=2300000,CPU_CLK_UNHALTED.REF_TSC:sample:sa=2300000,BACLEARS.ANY,DSB2MITE_SWITCHES.PENALTY_CYCLES,ICACHE_16B.IFDATA_STALL,ICACHE_64B.IFTAG_STALL,CPU_CLK_UNHALTED.DISTRIBUTED:sa=2300000,CPU_CLK_UNHALTED.THREAD_P,CYCLE_ACTIVITY.STALLS_MEM_ANY,CYCLE_ACTIVITY.STALLS_TOTAL,IDQ.DSB_CYCLES_ANY,IDQ.DSB_CYCLES_OK,IDQ.DSB_UOPS,IDQ.MITE_CYCLES_ANY,EXE_ACTIVITY.1_PORTS_UTIL,EXE_ACTIVITY.2_PORTS_UTIL,EXE_ACTIVITY.BOUND_ON_STORES,FRONTEND_RETIRED.LATENCY_GE_4,IDQ.MITE_CYCLES_OK,IDQ.MITE_UOPS:cmask=4,IDQ.MITE_UOPS:cmask=5,IDQ.MS_SWITCHES,IDQ_UOPS_NOT_DELIVERED.CORE,INT_MISC.RECOVERY_CYCLES:cmask=1:e=yes,INT_MISC.UOP_DROPPING,TOPDOWN.BACKEND_BOUND_SLOTS,ILD_STALL.LCP,INST_DECODED.DECODERS:cmask=1,INST_DECODED.DECODERS:cmask=2,LSD.CYCLES_ACTIVE,UOPS_RETIRED.SLOTS:sa=2000003,BR_MISP_RETIRED.ALL_BRANCHES,FRONTEND_RETIRED.ANY_DSB_MISS,LSD.CYCLES_OK,LSD.UOPS,CYCLE_ACTIVITY.CYCLES_L1D_MISS,CYCLE_ACTIVITY.STALLS_L1D_MISS,FRONTEND_RETIRED.DSB_MISS,CYCLE_ACTIVITY.STALLS_L2_MISS,CYCLE_ACTIVITY.STALLS_L3_MISS,DTLB_LOAD_MISSES.STLB_HIT:cmask=1,DTLB_LOAD_MISSES.WALK_ACTIVE,FRONTEND_RETIRED.L2_MISS,DTLB_STORE_MISSES.STLB_HIT:cmask=1,DTLB_STORE_MISSES.WALK_ACTIVE,L1D_PEND_MISS.FB_FULL,L1D_PEND_MISS.FB_FULL_PERIODS,FRONTEND_RETIRED.LATENCY_GE_16,L1D_PEND_MISS.L2_STALL,L1D_PEND_MISS.PENDING,L2_RQSTS.ALL_RFO,L2_RQSTS.RFO_HIT,FRONTEND_RETIRED.LATENCY_GE_2_BUBBLES_GE_1,LD_BLOCKS.NO_SR,LD_BLOCKS.STORE_FORWARD,LD_BLOCKS_PARTIAL.ADDRESS_ALIAS,MEM_INST_RETIRED.ALL_STORES,FRONTEND_RETIRED.STLB_MISS,IDQ_UOPS_NOT_DELIVERED.CYCLES_0_UOPS_DELIV.CORE,INT_MISC.CLEAR_RESTEER_CYCLES,MACHINE_CLEARS.COUNT,MEM_INST_RETIRED.LOCK_LOADS,MEM_INST_RETIRED.SPLIT_LOADS,MEM_INST_RETIRED.SPLIT_STORES,MEM_INST_RETIRED.STLB_MISS_LOADS,UOPS_ISSUED.ANY,CYCLE_ACTIVITY.CYCLES_MEM_ANY,ARITH.DIVIDER_ACTIVE,EXE_ACTIVITY.3_PORTS_UTIL:umask=0x80,MEM_INST_RETIRED.STLB_MISS_STORES,MEM_LOAD_L3_HIT_RETIRED.XSNP_FWD,MEM_LOAD_L3_HIT_RETIRED.XSNP_MISS,MEM_LOAD_L3_HIT_RETIRED.XSNP_NO_FWD,FP_ARITH_INST_RETIRED.128B_PACKED_DOUBLE:umask=0xfc,FP_ARITH_INST_RETIRED.SCALAR_SINGLE:umask=0x03,MISC_RETIRED.PAUSE_INST,RESOURCE_STALLS.SCOREBOARD,MEM_LOAD_RETIRED.FB_HIT,MEM_LOAD_RETIRED.L1_HIT,MEM_LOAD_RETIRED.L1_MISS,MEM_LOAD_RETIRED.L2_HIT,UOPS_DISPATCHED.PORT_0,UOPS_DISPATCHED.PORT_1,UOPS_DISPATCHED.PORT_2_3,UOPS_DISPATCHED.PORT_4_9,MEM_LOAD_RETIRED.L3_HIT,MEM_LOAD_RETIRED.L3_MISS,OFFCORE_REQUESTS_OUTSTANDING.ALL_DATA_RD:cmask=4,OFFCORE_REQUESTS_OUTSTANDING.CYCLES_WITH_DATA_RD,UOPS_DISPATCHED.PORT_5,UOPS_DISPATCHED.PORT_6,UOPS_DISPATCHED.PORT_7_8,UOPS_EXECUTED.CYCLES_GE_3,OFFCORE_REQUESTS_OUTSTANDING.CYCLES_WITH_DEMAND_RFO,IDQ.MITE_UOPS,IDQ.MS_UOPS,UOPS_DECODED.DEC0,UOPS_EXECUTED.THREAD:sa=2000003,UOPS_EXECUTED.X87:sa=2000003,UOPS_ISSUED.VECTOR_WIDTH_MISMATCH,ASSISTS.ANY,UOPS_DECODED.DEC0:cmask=1,MEM_INST_RETIRED.ANY,OCR.DEMAND_RFO.L3_HIT.SNOOP_HITM,OCR.DEMAND_DATA_RD.L3_HIT.SNOOP_HIT_WITH_FWD,BR_INST_RETIRED.ALL_BRANCHES,FP_ARITH_INST_RETIRED.128B_PACKED_DOUBLE:sa=2000003,FP_ARITH_INST_RETIRED.128B_PACKED_SINGLE:sa=2000003,FP_ARITH_INST_RETIRED.256B_PACKED_DOUBLE:sa=2000003,OCR.STREAMING_WR.ANY_RESPONSE,OCR.DEMAND_DATA_RD.L3_HIT.SNOOP_HITM,FP_ARITH_INST_RETIRED.256B_PACKED_SINGLE:sa=2000003,FP_ARITH_INST_RETIRED.512B_PACKED_DOUBLE:sa=2000003,FP_ARITH_INST_RETIRED.512B_PACKED_SINGLE:sa=2000003,INST_RETIRED.NOP,FP_ARITH_INST_RETIRED.SCALAR_SINGLE:sa=2000003,FP_ARITH_INST_RETIRED.SCALAR_DOUBLE:sa=2000003, -d 0 -uem factor=10
612 [2364] INFO perfrun.sdk <> - runCmd started PID 10852
1625 [18720] INFO perfrun.launcher <> - Launcher: all plugins were started
1626 [18720] INFO perfrun.launcher <> - DirectoryMonitor object was created
1627 [18720] INFO perfrun.launcher <> - DirectoryMonitor: a callback was added
1628 [18720] INFO perfrun.launcher <> - DirectoryMonitor was started with pingTime = 1000
1628 [18720] INFO perfrun.launcher <> - DeadlineTimer is going to be constructed
1629 [18720] INFO perfrun.launcher <> - DeadlineTimer: a callback was added
1652 [18720] INFO perfrun.launcher <> - Launcher: resume the profiled application and  wait its termination or stop command
1675 [18720] INFO perfrun.launcher <> - Launcher: the profiled application was terminated  with exit code = 0
1698 [2364] INFO perfrun.itt <> - detach itt controller
1698 [2364] INFO perfrun.itt <> - detach itt controller done
1699 [2364] INFO perfrun.sdk <> - runCmd: "C:\Program Files (x86)\Intel\oneAPI\vtune\latest\bin64\sep.exe" -stop
1715 [2364] INFO perfrun.sdk <> - runCmd started PID 10572
2551 [2364] INFO perfrun.sepdk <> - Sampling successfully stopped.

2551 [2364] INFO perfrun.sepdk <> - Waiting for main SEP process (10852) to finish...
2551 [2364] INFO perfrun.sepdk <> - Main SEP process finished
2551 [2364] INFO perfrun.sdk <> - De-allocating TMU: D:\Gam3a\Arch\CPU-Performance-Analyzer\windows\intel\compiled\c\binary\r000ue\data.0\systemcollector-8920-Legion5.sc
2575 [2364] INFO perfrun.system <> - closed the system trace file: D:\Gam3a\Arch\CPU-Performance-Analyzer\windows\intel\compiled\c\binary\r000ue\data.0\systemcollector-8920-Legion5.sc
2575 [18720] INFO perfrun.launcher <> - Launcher: all plugins were stopped.
2575 [18720] INFO perfrun.launcher <> - DeadlineTimer is going to be destroyed
2575 [18720] INFO perfrun.launcher <> - DeadlineTimer was destroyed
2576 [18720] INFO perfrun.launcher <> - DirectoryMonitor object was destroyed
2576 [18720] WARN perfrun.launcher <> - Stop command is ignored because it is received when collection is already stopped, at file: vcs\perfrun1\launcher\src\command_handler.cpp:226
2578 [18720] INFO perfrun.launcher <> - Application exit code: 0
2578 [18720] INFO perfrun.launcher <> - Exit code: 0
